<?xml version="1.0" encoding="UTF-8"?>
<testng-results ignored="0" total="1" passed="1" failed="0" skipped="0">
  <reporter-output>
  </reporter-output>
  <suite started-at="2025-02-07T17:28:27 IST" name="Suite" finished-at="2025-02-07T17:29:27 IST" duration-ms="60425">
    <groups>
    </groups>
    <test started-at="2025-02-07T17:28:27 IST" name="Test" finished-at="2025-02-07T17:29:27 IST" duration-ms="60425">
      <class name="org.configjunit.TestSample">
        <test-method is-config="true" signature="two()[pri:0, instance:org.configjunit.TestSample@7d61eb55]" started-at="2025-02-07T17:28:27 IST" name="two" finished-at="2025-02-07T17:28:58 IST" duration-ms="31117" status="PASS">
          <reporter-output>
          </reporter-output>
        </test-method> <!-- two -->
        <test-method signature="tc01()[pri:0, instance:org.configjunit.TestSample@7d61eb55]" started-at="2025-02-07T17:28:59 IST" name="tc01" finished-at="2025-02-07T17:29:27 IST" duration-ms="28740" status="PASS">
          <reporter-output>
          </reporter-output>
        </test-method> <!-- tc01 -->
      </class> <!-- org.configjunit.TestSample -->
    </test> <!-- Test -->
  </suite> <!-- Suite -->
</testng-results>
